{"/Users/danielegonzalez/apps/0be82507d516495199b3ef016cfb92b0/src/components/CharacterItem.tsx": {"path":"/Users/danielegonzalez/apps/0be82507d516495199b3ef016cfb92b0/src/components/CharacterItem.tsx","statementMap":{"0":{"start":{"line":1,"column":0},"end":{"line":1,"column":null}},"1":{"start":{"line":20,"column":22},"end":{"line":90,"column":1}},"2":{"start":{"line":21,"column":70},"end":{"line":21,"column":75}},"3":{"start":{"line":34,"column":6},"end":{"line":34,"column":15}},"4":{"start":{"line":36,"column":2},"end":{"line":89,"column":4}},"5":{"start":{"line":42,"column":21},"end":{"line":42,"column":25}},"6":{"start":{"line":83,"column":10},"end":{"line":83,"column":24}},"7":{"start":{"line":84,"column":10},"end":{"line":84,"column":38}},"8":{"start":{"line":92,"column":0},"end":{"line":92,"column":29}}},"fnMap":{"0":{"name":"(anonymous_0)","decl":{"start":{"line":20,"column":22},"end":{"line":20,"column":23}},"loc":{"start":{"line":20,"column":52},"end":{"line":90,"column":1}}},"1":{"name":"(anonymous_1)","decl":{"start":{"line":42,"column":15},"end":{"line":42,"column":18}},"loc":{"start":{"line":42,"column":21},"end":{"line":42,"column":25}}},"2":{"name":"(anonymous_2)","decl":{"start":{"line":82,"column":17},"end":{"line":82,"column":20}},"loc":{"start":{"line":82,"column":22},"end":{"line":85,"column":9}}}},"branchMap":{"0":{"loc":{"start":{"line":44,"column":8},"end":{"line":48,"column":21}},"type":"cond-expr","locations":[{"start":{"line":45,"column":12},"end":{"line":47,"column":null}},{"start":{"line":48,"column":12},"end":{"line":48,"column":21}}]},"1":{"loc":{"start":{"line":44,"column":8},"end":{"line":44,"column":31}},"type":"binary-expr","locations":[{"start":{"line":44,"column":8},"end":{"line":44,"column":17}},{"start":{"line":44,"column":21},"end":{"line":44,"column":31}}]},"2":{"loc":{"start":{"line":54,"column":37},"end":{"line":54,"column":51}},"type":"binary-expr","locations":[{"start":{"line":54,"column":37},"end":{"line":54,"column":42}},{"start":{"line":54,"column":46},"end":{"line":54,"column":51}}]},"3":{"loc":{"start":{"line":57,"column":37},"end":{"line":57,"column":51}},"type":"binary-expr","locations":[{"start":{"line":57,"column":37},"end":{"line":57,"column":42}},{"start":{"line":57,"column":46},"end":{"line":57,"column":51}}]},"4":{"loc":{"start":{"line":60,"column":37},"end":{"line":60,"column":51}},"type":"binary-expr","locations":[{"start":{"line":60,"column":37},"end":{"line":60,"column":42}},{"start":{"line":60,"column":46},"end":{"line":60,"column":51}}]},"5":{"loc":{"start":{"line":63,"column":37},"end":{"line":63,"column":52}},"type":"binary-expr","locations":[{"start":{"line":63,"column":37},"end":{"line":63,"column":43}},{"start":{"line":63,"column":47},"end":{"line":63,"column":52}}]},"6":{"loc":{"start":{"line":66,"column":37},"end":{"line":66,"column":52}},"type":"binary-expr","locations":[{"start":{"line":66,"column":37},"end":{"line":66,"column":43}},{"start":{"line":66,"column":47},"end":{"line":66,"column":52}}]},"7":{"loc":{"start":{"line":69,"column":37},"end":{"line":69,"column":52}},"type":"binary-expr","locations":[{"start":{"line":69,"column":37},"end":{"line":69,"column":43}},{"start":{"line":69,"column":47},"end":{"line":69,"column":52}}]},"8":{"loc":{"start":{"line":72,"column":37},"end":{"line":72,"column":50}},"type":"binary-expr","locations":[{"start":{"line":72,"column":37},"end":{"line":72,"column":41}},{"start":{"line":72,"column":45},"end":{"line":72,"column":50}}]},"9":{"loc":{"start":{"line":75,"column":37},"end":{"line":75,"column":50}},"type":"binary-expr","locations":[{"start":{"line":75,"column":37},"end":{"line":75,"column":41}},{"start":{"line":75,"column":45},"end":{"line":75,"column":50}}]},"10":{"loc":{"start":{"line":86,"column":18},"end":{"line":86,"column":41}},"type":"binary-expr","locations":[{"start":{"line":86,"column":18},"end":{"line":86,"column":27}},{"start":{"line":86,"column":31},"end":{"line":86,"column":41}}]}},"s":{"0":1,"1":1,"2":1,"3":1,"4":1,"5":0,"6":0,"7":0,"8":1},"f":{"0":1,"1":0,"2":0},"b":{"0":[0,1],"1":[1,1],"2":[1,0],"3":[1,0],"4":[1,0],"5":[1,0],"6":[1,0],"7":[1,0],"8":[1,0],"9":[1,0],"10":[1,1]}}
}
