TN:
SF:src/components/CharacterItem.tsx
FN:20,(anonymous_0)
FN:42,(anonymous_1)
FN:82,(anonymous_2)
FNF:3
FNH:1
FNDA:1,(anonymous_0)
FNDA:0,(anonymous_1)
FNDA:0,(anonymous_2)
DA:1,1
DA:20,1
DA:21,1
DA:34,1
DA:36,1
DA:42,0
DA:83,0
DA:84,0
DA:92,1
LF:9
LH:6
BRDA:44,0,0,0
BRDA:44,0,1,1
BRDA:44,1,0,1
BRDA:44,1,1,1
BRDA:54,2,0,1
BRDA:54,2,1,0
BRDA:57,3,0,1
BRDA:57,3,1,0
BRDA:60,4,0,1
BRDA:60,4,1,0
BRDA:63,5,0,1
BRDA:63,5,1,0
BRDA:66,6,0,1
BRDA:66,6,1,0
BRDA:69,7,0,1
BRDA:69,7,1,0
BRDA:72,8,0,1
BRDA:72,8,1,0
BRDA:75,9,0,1
BRDA:75,9,1,0
BRDA:86,10,0,1
BRDA:86,10,1,1
BRF:22
BRH:13
end_of_record
